{"devicePlatform":"","logFolder":"C:\\Users\\slk\\Katalon Studio\\Demo\\Reports\\Test data vali\\20180725_123432","runData":{"hostName":"slk - WSLK1FFTRFW-01.SLKSOFT.COM","os":"Windows 7 64bit","katalonVersion":"5.5.0.1","browser":"Chrome 67.0.3396.99","hostAddress":"192.168.56.1","sessionId":"8478210dc1af41cc7b7c627f8e3d3281","seleniumVersion":"3.7.1","proxyInformation":"ProxyInformation{proxyOption\u003dNO_PROXY, proxyServerType\u003dHTTP, password\u003d, proxyServerAddress\u003d, proxyServerPort\u003d0}","platform":"Windows 7"},"type":"TEST_SUITE","name":"Test data vali","id":"Test Suites/Test data vali","source":"","message":"Test Cases/DAY2/Test VAR data vali FAILED because (of) Variable \u0027url\u0027 is not defined for test case.","description":"","startTime":1532502274243,"endTime":1532502291192,"childRecords":[{"isOptional":false,"type":"TEST_CASE","name":"Test Cases/DAY2/Test VAR data vali","id":"Test Cases/DAY2/Test VAR data vali","source":"C:\\\\Users\\\\slk\\\\Katalon Studio\\\\Demo\\\\Test Cases\\\\DAY2\\\\Test VAR data vali.tc","message":"Test Cases/DAY2/Test VAR data vali FAILED because (of) Variable \u0027url\u0027 is not defined for test case.","description":"","startTime":1532502274506,"endTime":1532502277514,"childRecords":[{"testStatus":{"stackTrace":"","statusValue":"INFO"},"type":"MESSAGE","name":"","message":"Evaluating variables for test case","startTime":1532502274540,"endTime":0,"childRecords":[],"interuppted":false},{"testStatus":{"stackTrace":"","statusValue":"INFO"},"type":"MESSAGE","name":"","message":"Variable \u0027username\u0027 is set to Admin","startTime":1532502274540,"endTime":0,"childRecords":[],"interuppted":false},{"testStatus":{"stackTrace":"","statusValue":"INFO"},"type":"MESSAGE","name":"","message":"Variable \u0027password\u0027 is set to admin123","startTime":1532502274540,"endTime":0,"childRecords":[],"interuppted":false},{"index":1,"isIgnoredIfFailed":false,"type":"TEST_STEP","name":"openBrowser","message":"Browser is opened with url: \u0027\u0027","description":"","startTime":1532502274809,"endTime":1532502277508,"childRecords":[{"testStatus":{"stackTrace":"","statusValue":"PASSED"},"type":"MESSAGE","name":"","message":"Browser is opened with url: \u0027\u0027","startTime":1532502277508,"endTime":0,"childRecords":[],"interuppted":false}],"interuppted":false},{"index":2,"isIgnoredIfFailed":false,"type":"TEST_STEP","name":"navigateToUrl","description":"","startTime":1532502277508,"endTime":1532502277510,"childRecords":[],"interuppted":false},{"testStatus":{"stackTrace":"","statusValue":"ERROR"},"type":"MESSAGE","name":"","message":"Test Cases/DAY2/Test VAR data vali FAILED because (of) Variable \u0027url\u0027 is not defined for test case.","startTime":1532502277511,"endTime":0,"childRecords":[],"interuppted":false}],"interuppted":false},{"isOptional":false,"type":"TEST_CASE","name":"Test Cases/DAY2/Test VAR data vali","id":"Test Cases/DAY2/Test VAR data vali","source":"C:\\\\Users\\\\slk\\\\Katalon Studio\\\\Demo\\\\Test Cases\\\\DAY2\\\\Test VAR data vali.tc","message":"Test Cases/DAY2/Test VAR data vali FAILED because (of) Variable \u0027url\u0027 is not defined for test case.","description":"","startTime":1532502277517,"endTime":1532502280126,"childRecords":[{"testStatus":{"stackTrace":"","statusValue":"INFO"},"type":"MESSAGE","name":"","message":"Evaluating variables for test case","startTime":1532502277523,"endTime":0,"childRecords":[],"interuppted":false},{"testStatus":{"stackTrace":"","statusValue":"INFO"},"type":"MESSAGE","name":"","message":"Variable \u0027username\u0027 is set to ","startTime":1532502277523,"endTime":0,"childRecords":[],"interuppted":false},{"testStatus":{"stackTrace":"","statusValue":"INFO"},"type":"MESSAGE","name":"","message":"Variable \u0027password\u0027 is set to ","startTime":1532502277524,"endTime":0,"childRecords":[],"interuppted":false},{"index":1,"isIgnoredIfFailed":false,"type":"TEST_STEP","name":"openBrowser","message":"Browser is opened with url: \u0027\u0027","description":"","startTime":1532502277525,"endTime":1532502280126,"childRecords":[{"testStatus":{"stackTrace":"","statusValue":"WARNING"},"type":"MESSAGE","name":"","message":"A browser is already opened. Closing browser and opening a new one","startTime":1532502277526,"endTime":0,"childRecords":[],"interuppted":false},{"testStatus":{"stackTrace":"","statusValue":"PASSED"},"type":"MESSAGE","name":"","message":"Browser is opened with url: \u0027\u0027","startTime":1532502280126,"endTime":0,"childRecords":[],"interuppted":false}],"interuppted":false},{"index":2,"isIgnoredIfFailed":false,"type":"TEST_STEP","name":"navigateToUrl","description":"","startTime":1532502280126,"endTime":1532502280126,"childRecords":[],"interuppted":false},{"testStatus":{"stackTrace":"","statusValue":"ERROR"},"type":"MESSAGE","name":"","message":"Test Cases/DAY2/Test VAR data vali FAILED because (of) Variable \u0027url\u0027 is not defined for test case.","startTime":1532502280126,"endTime":0,"childRecords":[],"interuppted":false}],"interuppted":false},{"isOptional":false,"type":"TEST_CASE","name":"Test Cases/DAY2/Test VAR data vali","id":"Test Cases/DAY2/Test VAR data vali","source":"C:\\\\Users\\\\slk\\\\Katalon Studio\\\\Demo\\\\Test Cases\\\\DAY2\\\\Test VAR data vali.tc","message":"Test Cases/DAY2/Test VAR data vali FAILED because (of) Variable \u0027url\u0027 is not defined for test case.","description":"","startTime":1532502280126,"endTime":1532502282712,"childRecords":[{"testStatus":{"stackTrace":"","statusValue":"INFO"},"type":"MESSAGE","name":"","message":"Evaluating variables for test case","startTime":1532502280126,"endTime":0,"childRecords":[],"interuppted":false},{"testStatus":{"stackTrace":"","statusValue":"INFO"},"type":"MESSAGE","name":"","message":"Variable \u0027username\u0027 is set to ","startTime":1532502280126,"endTime":0,"childRecords":[],"interuppted":false},{"testStatus":{"stackTrace":"","statusValue":"INFO"},"type":"MESSAGE","name":"","message":"Variable \u0027password\u0027 is set to ","startTime":1532502280126,"endTime":0,"childRecords":[],"interuppted":false},{"index":1,"isIgnoredIfFailed":false,"type":"TEST_STEP","name":"openBrowser","message":"Browser is opened with url: \u0027\u0027","description":"","startTime":1532502280128,"endTime":1532502282710,"childRecords":[{"testStatus":{"stackTrace":"","statusValue":"WARNING"},"type":"MESSAGE","name":"","message":"A browser is already opened. Closing browser and opening a new one","startTime":1532502280129,"endTime":0,"childRecords":[],"interuppted":false},{"testStatus":{"stackTrace":"","statusValue":"PASSED"},"type":"MESSAGE","name":"","message":"Browser is opened with url: \u0027\u0027","startTime":1532502282710,"endTime":0,"childRecords":[],"interuppted":false}],"interuppted":false},{"index":2,"isIgnoredIfFailed":false,"type":"TEST_STEP","name":"navigateToUrl","description":"","startTime":1532502282710,"endTime":1532502282711,"childRecords":[],"interuppted":false},{"testStatus":{"stackTrace":"","statusValue":"ERROR"},"type":"MESSAGE","name":"","message":"Test Cases/DAY2/Test VAR data vali FAILED because (of) Variable \u0027url\u0027 is not defined for test case.","startTime":1532502282711,"endTime":0,"childRecords":[],"interuppted":false}],"interuppted":false},{"isOptional":false,"type":"TEST_CASE","name":"Test Cases/DAY2/Test VAR data vali","id":"Test Cases/DAY2/Test VAR data vali","source":"C:\\\\Users\\\\slk\\\\Katalon Studio\\\\Demo\\\\Test Cases\\\\DAY2\\\\Test VAR data vali.tc","message":"Test Cases/DAY2/Test VAR data vali FAILED because (of) Variable \u0027url\u0027 is not defined for test case.","description":"","startTime":1532502282714,"endTime":1532502285271,"childRecords":[{"testStatus":{"stackTrace":"","statusValue":"INFO"},"type":"MESSAGE","name":"","message":"Evaluating variables for test case","startTime":1532502282720,"endTime":0,"childRecords":[],"interuppted":false},{"testStatus":{"stackTrace":"","statusValue":"INFO"},"type":"MESSAGE","name":"","message":"Variable \u0027username\u0027 is set to ","startTime":1532502282720,"endTime":0,"childRecords":[],"interuppted":false},{"testStatus":{"stackTrace":"","statusValue":"INFO"},"type":"MESSAGE","name":"","message":"Variable \u0027password\u0027 is set to ","startTime":1532502282720,"endTime":0,"childRecords":[],"interuppted":false},{"index":1,"isIgnoredIfFailed":false,"type":"TEST_STEP","name":"openBrowser","message":"Browser is opened with url: \u0027\u0027","description":"","startTime":1532502282721,"endTime":1532502285271,"childRecords":[{"testStatus":{"stackTrace":"","statusValue":"WARNING"},"type":"MESSAGE","name":"","message":"A browser is already opened. Closing browser and opening a new one","startTime":1532502282722,"endTime":0,"childRecords":[],"interuppted":false},{"testStatus":{"stackTrace":"","statusValue":"PASSED"},"type":"MESSAGE","name":"","message":"Browser is opened with url: \u0027\u0027","startTime":1532502285271,"endTime":0,"childRecords":[],"interuppted":false}],"interuppted":false},{"index":2,"isIgnoredIfFailed":false,"type":"TEST_STEP","name":"navigateToUrl","description":"","startTime":1532502285271,"endTime":1532502285271,"childRecords":[],"interuppted":false},{"testStatus":{"stackTrace":"","statusValue":"ERROR"},"type":"MESSAGE","name":"","message":"Test Cases/DAY2/Test VAR data vali FAILED because (of) Variable \u0027url\u0027 is not defined for test case.","startTime":1532502285271,"endTime":0,"childRecords":[],"interuppted":false}],"interuppted":false},{"isOptional":false,"type":"TEST_CASE","name":"Test Cases/DAY2/Test VAR data vali","id":"Test Cases/DAY2/Test VAR data vali","source":"C:\\\\Users\\\\slk\\\\Katalon Studio\\\\Demo\\\\Test Cases\\\\DAY2\\\\Test VAR data vali.tc","message":"Test Cases/DAY2/Test VAR data vali FAILED because (of) Variable \u0027url\u0027 is not defined for test case.","description":"","startTime":1532502285271,"endTime":1532502287826,"childRecords":[{"testStatus":{"stackTrace":"","statusValue":"INFO"},"type":"MESSAGE","name":"","message":"Evaluating variables for test case","startTime":1532502285273,"endTime":0,"childRecords":[],"interuppted":false},{"testStatus":{"stackTrace":"","statusValue":"INFO"},"type":"MESSAGE","name":"","message":"Variable \u0027username\u0027 is set to ","startTime":1532502285274,"endTime":0,"childRecords":[],"interuppted":false},{"testStatus":{"stackTrace":"","statusValue":"INFO"},"type":"MESSAGE","name":"","message":"Variable \u0027password\u0027 is set to ","startTime":1532502285274,"endTime":0,"childRecords":[],"interuppted":false},{"index":1,"isIgnoredIfFailed":false,"type":"TEST_STEP","name":"openBrowser","message":"Browser is opened with url: \u0027\u0027","description":"","startTime":1532502285275,"endTime":1532502287826,"childRecords":[{"testStatus":{"stackTrace":"","statusValue":"WARNING"},"type":"MESSAGE","name":"","message":"A browser is already opened. Closing browser and opening a new one","startTime":1532502285275,"endTime":0,"childRecords":[],"interuppted":false},{"testStatus":{"stackTrace":"","statusValue":"PASSED"},"type":"MESSAGE","name":"","message":"Browser is opened with url: \u0027\u0027","startTime":1532502287826,"endTime":0,"childRecords":[],"interuppted":false}],"interuppted":false},{"index":2,"isIgnoredIfFailed":false,"type":"TEST_STEP","name":"navigateToUrl","description":"","startTime":1532502287826,"endTime":1532502287826,"childRecords":[],"interuppted":false},{"testStatus":{"stackTrace":"","statusValue":"ERROR"},"type":"MESSAGE","name":"","message":"Test Cases/DAY2/Test VAR data vali FAILED because (of) Variable \u0027url\u0027 is not defined for test case.","startTime":1532502287826,"endTime":0,"childRecords":[],"interuppted":false}],"interuppted":false},{"isOptional":false,"type":"TEST_CASE","name":"Test Cases/DAY2/Test VAR data vali","id":"Test Cases/DAY2/Test VAR data vali","source":"C:\\\\Users\\\\slk\\\\Katalon Studio\\\\Demo\\\\Test Cases\\\\DAY2\\\\Test VAR data vali.tc","message":"Test Cases/DAY2/Test VAR data vali FAILED because (of) Variable \u0027url\u0027 is not defined for test case.","description":"","startTime":1532502287828,"endTime":1532502290511,"childRecords":[{"testStatus":{"stackTrace":"","statusValue":"INFO"},"type":"MESSAGE","name":"","message":"Evaluating variables for test case","startTime":1532502287833,"endTime":0,"childRecords":[],"interuppted":false},{"testStatus":{"stackTrace":"","statusValue":"INFO"},"type":"MESSAGE","name":"","message":"Variable \u0027username\u0027 is set to ","startTime":1532502287833,"endTime":0,"childRecords":[],"interuppted":false},{"testStatus":{"stackTrace":"","statusValue":"INFO"},"type":"MESSAGE","name":"","message":"Variable \u0027password\u0027 is set to ","startTime":1532502287833,"endTime":0,"childRecords":[],"interuppted":false},{"index":1,"isIgnoredIfFailed":false,"type":"TEST_STEP","name":"openBrowser","message":"Browser is opened with url: \u0027\u0027","description":"","startTime":1532502287834,"endTime":1532502290511,"childRecords":[{"testStatus":{"stackTrace":"","statusValue":"WARNING"},"type":"MESSAGE","name":"","message":"A browser is already opened. Closing browser and opening a new one","startTime":1532502287835,"endTime":0,"childRecords":[],"interuppted":false},{"testStatus":{"stackTrace":"","statusValue":"PASSED"},"type":"MESSAGE","name":"","message":"Browser is opened with url: \u0027\u0027","startTime":1532502290511,"endTime":0,"childRecords":[],"interuppted":false}],"interuppted":false},{"index":2,"isIgnoredIfFailed":false,"type":"TEST_STEP","name":"navigateToUrl","description":"","startTime":1532502290511,"endTime":1532502290511,"childRecords":[],"interuppted":false},{"testStatus":{"stackTrace":"","statusValue":"ERROR"},"type":"MESSAGE","name":"","message":"Test Cases/DAY2/Test VAR data vali FAILED because (of) Variable \u0027url\u0027 is not defined for test case.","startTime":1532502290511,"endTime":0,"childRecords":[],"interuppted":false}],"interuppted":false}],"interuppted":false}