<?xml version="1.0" encoding="UTF-8"?>
<testsuites name="orange HRM2" time="19" tests="0" failures="1" errors="0">
   <testsuite name="orange HRM2" tests="0" failures="1" errors="0" time="19" timestamp="2018-07-24 15:50:18" hostname="slk - WSLK1FFTRFW-01.SLKSOFT.COM" id="Test Suites/orange HRM2">
      <properties>
         <property name="deviceName" value=""/>
         <property name="devicePlatform" value=""/>
         <property name="logFolder" value="C:\\Users\\slk\\Katalon Studio\\Demo\\Reports\\orange HRM2\\20180724_154935"/>
         <property name="logFiles" value="C:\\Users\\slk\\Katalon Studio\\Demo\\Reports\\orange HRM2\\20180724_154935\\execution0.log"/>
         <property name="attachments" value="C:\\Users\\slk\\Katalon Studio\\Demo\\Reports\\orange HRM2\\20180724_154935\\1532427635869.png"/>
         <property name="hostName" value="slk - WSLK1FFTRFW-01.SLKSOFT.COM"/>
         <property name="os" value="Windows 7 64bit"/>
         <property name="katalonVersion" value="5.5.0.1"/>
         <property name="browser" value="Chrome 67.0.3396.99"/>
         <property name="hostAddress" value="192.168.56.1"/>
         <property name="sessionId" value="afc6c7645cbc50305f5637c887df774b"/>
         <property name="seleniumVersion" value="3.7.1"/>
         <property name="proxyInformation" value="ProxyInformation{proxyOption=NO_PROXY, proxyServerType=HTTP, password=, proxyServerAddress=, proxyServerPort=0}"/>
         <property name="platform" value="Windows 7"/>
      </properties>
      <testcase name="Test Cases/Test demo1/Orange validation 2" classname="Test Cases/Test demo1/Orange validation 2" status="FAILED">
         <failure type="FAILED" message="Unable to click on object 'Object Repository/Orange HRM Test/Page_OrangeHRM/li_Logout' (Root cause: org.openqa.selenium.ElementNotVisibleException: element not visible
  (Session info: chrome=67.0.3396.99)
  (Driver info: chromedriver=2.35.528161 (5b82f2d2aae0ca24b877009200ced9065a772e73),platform=Windows NT 6.1.7601 SP1 x86_64) (WARNING: The server did not provide any stacktrace information)
Command duration or timeout: 0 milliseconds
Build info: version: '3.7.1', revision: '8a0099a', time: '2017-11-06T21:07:36.161Z'
System info: host: 'WSLK1FFTRFW-01', ip: '192.168.56.1', os.name: 'Windows 7', os.arch: 'amd64', os.version: '6.1', java.version: '1.8.0_102'
Driver info: com.kms.katalon.selenium.driver.CChromeDriver
Capabilities {acceptInsecureCerts: false, acceptSslCerts: false, applicationCacheEnabled: false, browserConnectionEnabled: false, browserName: chrome, chrome: {chromedriverVersion: 2.35.528161 (5b82f2d2aae0ca..., userDataDir: C:\Users\slk\AppData\Local\...}, cssSelectorsEnabled: true, databaseEnabled: false, handlesAlerts: true, hasTouchScreen: false, javascriptEnabled: true, locationContextEnabled: true, mobileEmulationEnabled: false, nativeEvents: true, networkConnectionEnabled: false, pageLoadStrategy: normal, platform: XP, platformName: XP, rotatable: false, setWindowRect: true, takesHeapSnapshot: true, takesScreenshot: true, unexpectedAlertBehaviour: , unhandledPromptBehavior: , version: 67.0.3396.99, webStorageEnabled: true}
Session ID: afc6c7645cbc50305f5637c887df774b)"/>
         <system-out><![CDATA[2018-07-24 15:50:18 - [TEST_CASE][FAILED] - Test Cases/Test demo1/Orange validation 2: Test Cases/Test demo1/Orange validation 2 FAILED because (of) Unable to click on object 'Object Repository/Orange HRM Test/Page_OrangeHRM/li_Logout' (Root cause: org.openqa.selenium.ElementNotVisibleException: element not visible
  (Session info: chrome=67.0.3396.99)
  (Driver info: chromedriver=2.35.528161 (5b82f2d2aae0ca24b877009200ced9065a772e73),platform=Windows NT 6.1.7601 SP1 x86_64) (WARNING: The server did not provide any stacktrace information)
Command duration or timeout: 0 milliseconds
Build info: version: '3.7.1', revision: '8a0099a', time: '2017-11-06T21:07:36.161Z'
System info: host: 'WSLK1FFTRFW-01', ip: '192.168.56.1', os.name: 'Windows 7', os.arch: 'amd64', os.version: '6.1', java.version: '1.8.0_102'
Driver info: com.kms.katalon.selenium.driver.CChromeDriver
Capabilities {acceptInsecureCerts: false, acceptSslCerts: false, applicationCacheEnabled: false, browserConnectionEnabled: false, browserName: chrome, chrome: {chromedriverVersion: 2.35.528161 (5b82f2d2aae0ca..., userDataDir: C:\Users\slk\AppData\Local\...}, cssSelectorsEnabled: true, databaseEnabled: false, handlesAlerts: true, hasTouchScreen: false, javascriptEnabled: true, locationContextEnabled: true, mobileEmulationEnabled: false, nativeEvents: true, networkConnectionEnabled: false, pageLoadStrategy: normal, platform: XP, platformName: XP, rotatable: false, setWindowRect: true, takesHeapSnapshot: true, takesScreenshot: true, unexpectedAlertBehaviour: , unhandledPromptBehavior: , version: 67.0.3396.99, webStorageEnabled: true}
Session ID: afc6c7645cbc50305f5637c887df774b)

2018-07-24 15:50:19 - [TEST_STEP][PASSED] - openBrowser: Browser is opened with url: ''

2018-07-24 15:50:21 - [MESSAGE][PASSED] - Browser is opened with url: ''

2018-07-24 15:50:21 - [TEST_STEP][PASSED] - navigateToUrl: Navigate to 'https://opensource-demo.orangehrmlive.com/' successfully

2018-07-24 15:50:25 - [MESSAGE][PASSED] - Navigate to 'https://opensource-demo.orangehrmlive.com/' successfully

2018-07-24 15:50:25 - [TEST_STEP][PASSED] - setText: Text 'Admin' is set on object 'Object Repository/Orange HRM Test/Page_OrangeHRM/input_txtUsername (1)'

2018-07-24 15:50:26 - [MESSAGE][PASSED] - Text 'Admin' is set on object 'Object Repository/Orange HRM Test/Page_OrangeHRM/input_txtUsername (1)'

2018-07-24 15:50:26 - [TEST_STEP][PASSED] - setEncryptedText: Text ****** has been set on object 'Object Repository/Orange HRM Test/Page_OrangeHRM/input_txtPassword (1)'

2018-07-24 15:50:26 - [MESSAGE][PASSED] - Text ****** has been set on object 'Object Repository/Orange HRM Test/Page_OrangeHRM/input_txtPassword (1)'

2018-07-24 15:50:26 - [TEST_STEP][PASSED] - click: Object: 'Object Repository/Orange HRM Test/Page_OrangeHRM/input_Submit (1)' is clicked on

2018-07-24 15:50:30 - [MESSAGE][PASSED] - Object: 'Object Repository/Orange HRM Test/Page_OrangeHRM/input_Submit (1)' is clicked on

2018-07-24 15:50:30 - [TEST_STEP][PASSED] - click: Object: 'Object Repository/Orange HRM Test/Page_OrangeHRM/b_Time (1)' is clicked on

2018-07-24 15:50:31 - [MESSAGE][PASSED] - Object: 'Object Repository/Orange HRM Test/Page_OrangeHRM/b_Time (1)' is clicked on

2018-07-24 15:50:31 - [TEST_STEP][PASSED] - selectOptionByValue: All options with value '1' are selected in object 'Object Repository/Orange HRM Test/Page_OrangeHRM/select_-- Select --MondayTuesd'  using regular expression

2018-07-24 15:50:31 - [MESSAGE][PASSED] - All options with value '1' are selected in object 'Object Repository/Orange HRM Test/Page_OrangeHRM/select_-- Select --MondayTuesd'  using regular expression

2018-07-24 15:50:31 - [TEST_STEP][PASSED] - click: Object: 'Object Repository/Orange HRM Test/Page_OrangeHRM/b_Recruitment (1)' is clicked on

2018-07-24 15:50:33 - [MESSAGE][PASSED] - Object: 'Object Repository/Orange HRM Test/Page_OrangeHRM/b_Recruitment (1)' is clicked on

2018-07-24 15:50:33 - [TEST_STEP][PASSED] - selectOptionByValue: All options with value 'SHORTLISTED' are selected in object 'Object Repository/Orange HRM Test/Page_OrangeHRM/select_AllApplication Initiate'  using regular expression

2018-07-24 15:50:33 - [MESSAGE][PASSED] - All options with value 'SHORTLISTED' are selected in object 'Object Repository/Orange HRM Test/Page_OrangeHRM/select_AllApplication Initiate'  using regular expression

2018-07-24 15:50:33 - [TEST_STEP][PASSED] - selectOptionByValue: All options with value '4' are selected in object 'Object Repository/Orange HRM Test/Page_OrangeHRM/select_AllSteven Edwards'  using regular expression

2018-07-24 15:50:33 - [MESSAGE][PASSED] - All options with value '4' are selected in object 'Object Repository/Orange HRM Test/Page_OrangeHRM/select_AllSteven Edwards'  using regular expression

2018-07-24 15:50:33 - [TEST_STEP][PASSED] - selectOptionByValue: All options with value '1' are selected in object 'Object Repository/Orange HRM Test/Page_OrangeHRM/select_Allceo'  using regular expression

2018-07-24 15:50:34 - [MESSAGE][PASSED] - All options with value '1' are selected in object 'Object Repository/Orange HRM Test/Page_OrangeHRM/select_Allceo'  using regular expression

2018-07-24 15:50:34 - [TEST_STEP][PASSED] - selectOptionByValue: All options with value '4' are selected in object 'Object Repository/Orange HRM Test/Page_OrangeHRM/select_AllAccount ClerkCEOFina'  using regular expression

2018-07-24 15:50:34 - [MESSAGE][PASSED] - All options with value '4' are selected in object 'Object Repository/Orange HRM Test/Page_OrangeHRM/select_AllAccount ClerkCEOFina'  using regular expression

2018-07-24 15:50:34 - [TEST_STEP][PASSED] - click: Object: 'Object Repository/Orange HRM Test/Page_OrangeHRM/li_Method of Application  AllM' is clicked on

2018-07-24 15:50:34 - [MESSAGE][PASSED] - Object: 'Object Repository/Orange HRM Test/Page_OrangeHRM/li_Method of Application  AllM' is clicked on

2018-07-24 15:50:34 - [TEST_STEP][PASSED] - click: Object: 'Object Repository/Orange HRM Test/Page_OrangeHRM/ol_Job Title  AllAccount Clerk' is clicked on

2018-07-24 15:50:34 - [MESSAGE][PASSED] - Object: 'Object Repository/Orange HRM Test/Page_OrangeHRM/ol_Job Title  AllAccount Clerk' is clicked on

2018-07-24 15:50:34 - [TEST_STEP][PASSED] - click: Object: 'Object Repository/Orange HRM Test/Page_OrangeHRM/img_ui-datepicker-trigger' is clicked on

2018-07-24 15:50:34 - [MESSAGE][PASSED] - Object: 'Object Repository/Orange HRM Test/Page_OrangeHRM/img_ui-datepicker-trigger' is clicked on

2018-07-24 15:50:34 - [TEST_STEP][PASSED] - click: Object: 'Object Repository/Orange HRM Test/Page_OrangeHRM/td_11' is clicked on

2018-07-24 15:50:35 - [MESSAGE][PASSED] - Object: 'Object Repository/Orange HRM Test/Page_OrangeHRM/td_11' is clicked on

2018-07-24 15:50:35 - [TEST_STEP][PASSED] - click: Object: 'Object Repository/Orange HRM Test/Page_OrangeHRM/b_Performance' is clicked on

2018-07-24 15:50:35 - [MESSAGE][PASSED] - Object: 'Object Repository/Orange HRM Test/Page_OrangeHRM/b_Performance' is clicked on

2018-07-24 15:50:35 - [TEST_STEP][PASSED] - click: Object: 'Object Repository/Orange HRM Test/Page_OrangeHRM/b_Performance' is clicked on

2018-07-24 15:50:35 - [MESSAGE][PASSED] - Object: 'Object Repository/Orange HRM Test/Page_OrangeHRM/b_Performance' is clicked on

2018-07-24 15:50:35 - [TEST_STEP][PASSED] - click: Object: 'Object Repository/Orange HRM Test/Page_OrangeHRM/b_Performance' is clicked on

2018-07-24 15:50:35 - [MESSAGE][PASSED] - Object: 'Object Repository/Orange HRM Test/Page_OrangeHRM/b_Performance' is clicked on

2018-07-24 15:50:35 - [TEST_STEP][PASSED] - click: Object: 'Object Repository/Orange HRM Test/Page_OrangeHRM/b_Dashboard (1)' is clicked on

2018-07-24 15:50:35 - [MESSAGE][PASSED] - Object: 'Object Repository/Orange HRM Test/Page_OrangeHRM/b_Dashboard (1)' is clicked on

2018-07-24 15:50:35 - [TEST_STEP][PASSED] - click: Object: 'Object Repository/Orange HRM Test/Page_OrangeHRM/a_Welcome Admin' is clicked on

2018-07-24 15:50:35 - [MESSAGE][PASSED] - Object: 'Object Repository/Orange HRM Test/Page_OrangeHRM/a_Welcome Admin' is clicked on

2018-07-24 15:50:35 - [TEST_STEP][FAILED] - click: Unable to click on object 'Object Repository/Orange HRM Test/Page_OrangeHRM/li_Logout' (Root cause: org.openqa.selenium.ElementNotVisibleException: element not visible
  (Session info: chrome=67.0.3396.99)
  (Driver info: chromedriver=2.35.528161 (5b82f2d2aae0ca24b877009200ced9065a772e73),platform=Windows NT 6.1.7601 SP1 x86_64) (WARNING: The server did not provide any stacktrace information)
Command duration or timeout: 0 milliseconds
Build info: version: '3.7.1', revision: '8a0099a', time: '2017-11-06T21:07:36.161Z'
System info: host: 'WSLK1FFTRFW-01', ip: '192.168.56.1', os.name: 'Windows 7', os.arch: 'amd64', os.version: '6.1', java.version: '1.8.0_102'
Driver info: com.kms.katalon.selenium.driver.CChromeDriver
Capabilities {acceptInsecureCerts: false, acceptSslCerts: false, applicationCacheEnabled: false, browserConnectionEnabled: false, browserName: chrome, chrome: {chromedriverVersion: 2.35.528161 (5b82f2d2aae0ca..., userDataDir: C:\Users\slk\AppData\Local\...}, cssSelectorsEnabled: true, databaseEnabled: false, handlesAlerts: true, hasTouchScreen: false, javascriptEnabled: true, locationContextEnabled: true, mobileEmulationEnabled: false, nativeEvents: true, networkConnectionEnabled: false, pageLoadStrategy: normal, platform: XP, platformName: XP, rotatable: false, setWindowRect: true, takesHeapSnapshot: true, takesScreenshot: true, unexpectedAlertBehaviour: , unhandledPromptBehavior: , version: 67.0.3396.99, webStorageEnabled: true}
Session ID: afc6c7645cbc50305f5637c887df774b)

2018-07-24 15:50:37 - [MESSAGE][FAILED] - Unable to click on object 'Object Repository/Orange HRM Test/Page_OrangeHRM/li_Logout' (Root cause: org.openqa.selenium.ElementNotVisibleException: element not visible
  (Session info: chrome=67.0.3396.99)
  (Driver info: chromedriver=2.35.528161 (5b82f2d2aae0ca24b877009200ced9065a772e73),platform=Windows NT 6.1.7601 SP1 x86_64) (WARNING: The server did not provide any stacktrace information)
Command duration or timeout: 0 milliseconds
Build info: version: '3.7.1', revision: '8a0099a', time: '2017-11-06T21:07:36.161Z'
System info: host: 'WSLK1FFTRFW-01', ip: '192.168.56.1', os.name: 'Windows 7', os.arch: 'amd64', os.version: '6.1', java.version: '1.8.0_102'
Driver info: com.kms.katalon.selenium.driver.CChromeDriver
Capabilities {acceptInsecureCerts: false, acceptSslCerts: false, applicationCacheEnabled: false, browserConnectionEnabled: false, browserName: chrome, chrome: {chromedriverVersion: 2.35.528161 (5b82f2d2aae0ca..., userDataDir: C:\Users\slk\AppData\Local\...}, cssSelectorsEnabled: true, databaseEnabled: false, handlesAlerts: true, hasTouchScreen: false, javascriptEnabled: true, locationContextEnabled: true, mobileEmulationEnabled: false, nativeEvents: true, networkConnectionEnabled: false, pageLoadStrategy: normal, platform: XP, platformName: XP, rotatable: false, setWindowRect: true, takesHeapSnapshot: true, takesScreenshot: true, unexpectedAlertBehaviour: , unhandledPromptBehavior: , version: 67.0.3396.99, webStorageEnabled: true}
Session ID: afc6c7645cbc50305f5637c887df774b)
[[ATTACHMENT|C:\\Users\\slk\\Katalon Studio\\Demo\\Reports\\orange HRM2\\20180724_154935\\1532427635869.png]]]]></system-out>
         <system-err><![CDATA[2018-07-24 15:50:18 - [TEST_CASE][FAILED] - Test Cases/Test demo1/Orange validation 2: Test Cases/Test demo1/Orange validation 2 FAILED because (of) Unable to click on object 'Object Repository/Orange HRM Test/Page_OrangeHRM/li_Logout' (Root cause: org.openqa.selenium.ElementNotVisibleException: element not visible
  (Session info: chrome=67.0.3396.99)
  (Driver info: chromedriver=2.35.528161 (5b82f2d2aae0ca24b877009200ced9065a772e73),platform=Windows NT 6.1.7601 SP1 x86_64) (WARNING: The server did not provide any stacktrace information)
Command duration or timeout: 0 milliseconds
Build info: version: '3.7.1', revision: '8a0099a', time: '2017-11-06T21:07:36.161Z'
System info: host: 'WSLK1FFTRFW-01', ip: '192.168.56.1', os.name: 'Windows 7', os.arch: 'amd64', os.version: '6.1', java.version: '1.8.0_102'
Driver info: com.kms.katalon.selenium.driver.CChromeDriver
Capabilities {acceptInsecureCerts: false, acceptSslCerts: false, applicationCacheEnabled: false, browserConnectionEnabled: false, browserName: chrome, chrome: {chromedriverVersion: 2.35.528161 (5b82f2d2aae0ca..., userDataDir: C:\Users\slk\AppData\Local\...}, cssSelectorsEnabled: true, databaseEnabled: false, handlesAlerts: true, hasTouchScreen: false, javascriptEnabled: true, locationContextEnabled: true, mobileEmulationEnabled: false, nativeEvents: true, networkConnectionEnabled: false, pageLoadStrategy: normal, platform: XP, platformName: XP, rotatable: false, setWindowRect: true, takesHeapSnapshot: true, takesScreenshot: true, unexpectedAlertBehaviour: , unhandledPromptBehavior: , version: 67.0.3396.99, webStorageEnabled: true}
Session ID: afc6c7645cbc50305f5637c887df774b)]]></system-err>
      </testcase>
      <system-out><![CDATA[2018-07-24 15:50:18 - [TEST_SUITE][FAILED] - orange HRM2: Test Cases/Test demo1/Orange validation 2 FAILED because (of) Unable to click on object 'Object Repository/Orange HRM Test/Page_OrangeHRM/li_Logout' (Root cause: org.openqa.selenium.ElementNotVisibleException: element not visible
  (Session info: chrome=67.0.3396.99)
  (Driver info: chromedriver=2.35.528161 (5b82f2d2aae0ca24b877009200ced9065a772e73),platform=Windows NT 6.1.7601 SP1 x86_64) (WARNING: The server did not provide any stacktrace information)
Command duration or timeout: 0 milliseconds
Build info: version: '3.7.1', revision: '8a0099a', time: '2017-11-06T21:07:36.161Z'
System info: host: 'WSLK1FFTRFW-01', ip: '192.168.56.1', os.name: 'Windows 7', os.arch: 'amd64', os.version: '6.1', java.version: '1.8.0_102'
Driver info: com.kms.katalon.selenium.driver.CChromeDriver
Capabilities {acceptInsecureCerts: false, acceptSslCerts: false, applicationCacheEnabled: false, browserConnectionEnabled: false, browserName: chrome, chrome: {chromedriverVersion: 2.35.528161 (5b82f2d2aae0ca..., userDataDir: C:\Users\slk\AppData\Local\...}, cssSelectorsEnabled: true, databaseEnabled: false, handlesAlerts: true, hasTouchScreen: false, javascriptEnabled: true, locationContextEnabled: true, mobileEmulationEnabled: false, nativeEvents: true, networkConnectionEnabled: false, pageLoadStrategy: normal, platform: XP, platformName: XP, rotatable: false, setWindowRect: true, takesHeapSnapshot: true, takesScreenshot: true, unexpectedAlertBehaviour: , unhandledPromptBehavior: , version: 67.0.3396.99, webStorageEnabled: true}
Session ID: afc6c7645cbc50305f5637c887df774b)]]></system-out>
      <system-err><![CDATA[2018-07-24 15:50:18 - [TEST_SUITE][FAILED] - orange HRM2: Test Cases/Test demo1/Orange validation 2 FAILED because (of) Unable to click on object 'Object Repository/Orange HRM Test/Page_OrangeHRM/li_Logout' (Root cause: org.openqa.selenium.ElementNotVisibleException: element not visible
  (Session info: chrome=67.0.3396.99)
  (Driver info: chromedriver=2.35.528161 (5b82f2d2aae0ca24b877009200ced9065a772e73),platform=Windows NT 6.1.7601 SP1 x86_64) (WARNING: The server did not provide any stacktrace information)
Command duration or timeout: 0 milliseconds
Build info: version: '3.7.1', revision: '8a0099a', time: '2017-11-06T21:07:36.161Z'
System info: host: 'WSLK1FFTRFW-01', ip: '192.168.56.1', os.name: 'Windows 7', os.arch: 'amd64', os.version: '6.1', java.version: '1.8.0_102'
Driver info: com.kms.katalon.selenium.driver.CChromeDriver
Capabilities {acceptInsecureCerts: false, acceptSslCerts: false, applicationCacheEnabled: false, browserConnectionEnabled: false, browserName: chrome, chrome: {chromedriverVersion: 2.35.528161 (5b82f2d2aae0ca..., userDataDir: C:\Users\slk\AppData\Local\...}, cssSelectorsEnabled: true, databaseEnabled: false, handlesAlerts: true, hasTouchScreen: false, javascriptEnabled: true, locationContextEnabled: true, mobileEmulationEnabled: false, nativeEvents: true, networkConnectionEnabled: false, pageLoadStrategy: normal, platform: XP, platformName: XP, rotatable: false, setWindowRect: true, takesHeapSnapshot: true, takesScreenshot: true, unexpectedAlertBehaviour: , unhandledPromptBehavior: , version: 67.0.3396.99, webStorageEnabled: true}
Session ID: afc6c7645cbc50305f5637c887df774b)]]></system-err>
   </testsuite>
</testsuites>
