{"devicePlatform":"","logFolder":"C:\\Users\\slk\\Katalon Studio\\Demo\\Reports\\New Test Suite1\\20180724_150322","runData":{"hostName":"slk - WSLK1FFTRFW-01.SLKSOFT.COM","hostAddress":"192.168.56.1","os":"Windows 7 64bit","katalonVersion":"5.5.0.1"},"type":"TEST_SUITE","name":"New Test Suite1","id":"Test Suites/New Test Suite1","source":"","message":"Test Cases/Test demo1/New Test Case1 FAILED because (of) Unable to open browser with url: \u0027\u0027 (Root cause: org.openqa.selenium.SessionNotCreatedException: Unexpected error launching Internet Explorer. Browser zoom level was set to 119%. It should be set to 100%\nBuild info: version: \u00273.7.1\u0027, revision: \u00278a0099a\u0027, time: \u00272017-11-06T21:07:36.161Z\u0027\nSystem info: host: \u0027WSLK1FFTRFW-01\u0027, ip: \u0027192.168.56.1\u0027, os.name: \u0027Windows 7\u0027, os.arch: \u0027amd64\u0027, os.version: \u00276.1\u0027, java.version: \u00271.8.0_102\u0027\nDriver info: driver.version: CInternetExplorerDriver\nremote stacktrace: )","description":"","startTime":1532424826147,"endTime":1532424832413,"childRecords":[{"isOptional":false,"type":"TEST_CASE","name":"Test Cases/Test demo1/New Test Case1","id":"Test Cases/Test demo1/New Test Case1","source":"C:\\\\Users\\\\slk\\\\Katalon Studio\\\\Demo\\\\Test Cases\\\\Test demo1\\\\New Test Case1.tc","message":"Test Cases/Test demo1/New Test Case1 FAILED because (of) Unable to open browser with url: \u0027\u0027 (Root cause: org.openqa.selenium.SessionNotCreatedException: Unexpected error launching Internet Explorer. Browser zoom level was set to 119%. It should be set to 100%\nBuild info: version: \u00273.7.1\u0027, revision: \u00278a0099a\u0027, time: \u00272017-11-06T21:07:36.161Z\u0027\nSystem info: host: \u0027WSLK1FFTRFW-01\u0027, ip: \u0027192.168.56.1\u0027, os.name: \u0027Windows 7\u0027, os.arch: \u0027amd64\u0027, os.version: \u00276.1\u0027, java.version: \u00271.8.0_102\u0027\nDriver info: driver.version: CInternetExplorerDriver\nremote stacktrace: )","description":"","startTime":1532424826430,"endTime":1532424829665,"childRecords":[{"testStatus":{"stackTrace":"","statusValue":"INFO"},"type":"MESSAGE","name":"","message":"Evaluating variables for test case","startTime":1532424826447,"endTime":0,"childRecords":[],"interuppted":false},{"index":1,"isIgnoredIfFailed":false,"type":"TEST_STEP","name":"openBrowser","message":"Unable to open browser with url: \u0027\u0027 (Root cause: org.openqa.selenium.SessionNotCreatedException: Unexpected error launching Internet Explorer. Browser zoom level was set to 119%. It should be set to 100%\nBuild info: version: \u00273.7.1\u0027, revision: \u00278a0099a\u0027, time: \u00272017-11-06T21:07:36.161Z\u0027\nSystem info: host: \u0027WSLK1FFTRFW-01\u0027, ip: \u0027192.168.56.1\u0027, os.name: \u0027Windows 7\u0027, os.arch: \u0027amd64\u0027, os.version: \u00276.1\u0027, java.version: \u00271.8.0_102\u0027\nDriver info: driver.version: CInternetExplorerDriver\nremote stacktrace: )","description":"","startTime":1532424826705,"endTime":1532424829662,"childRecords":[{"testStatus":{"stackTrace":"","statusValue":"FAILED"},"type":"MESSAGE","name":"","message":"Unable to open browser with url: \u0027\u0027 (Root cause: org.openqa.selenium.SessionNotCreatedException: Unexpected error launching Internet Explorer. Browser zoom level was set to 119%. It should be set to 100%\nBuild info: version: \u00273.7.1\u0027, revision: \u00278a0099a\u0027, time: \u00272017-11-06T21:07:36.161Z\u0027\nSystem info: host: \u0027WSLK1FFTRFW-01\u0027, ip: \u0027192.168.56.1\u0027, os.name: \u0027Windows 7\u0027, os.arch: \u0027amd64\u0027, os.version: \u00276.1\u0027, java.version: \u00271.8.0_102\u0027\nDriver info: driver.version: CInternetExplorerDriver\nremote stacktrace: )","startTime":1532424829661,"endTime":0,"childRecords":[],"interuppted":false}],"interuppted":false},{"testStatus":{"stackTrace":"","statusValue":"FAILED"},"type":"MESSAGE","name":"","message":"Test Cases/Test demo1/New Test Case1 FAILED because (of) Unable to open browser with url: \u0027\u0027 (Root cause: org.openqa.selenium.SessionNotCreatedException: Unexpected error launching Internet Explorer. Browser zoom level was set to 119%. It should be set to 100%\nBuild info: version: \u00273.7.1\u0027, revision: \u00278a0099a\u0027, time: \u00272017-11-06T21:07:36.161Z\u0027\nSystem info: host: \u0027WSLK1FFTRFW-01\u0027, ip: \u0027192.168.56.1\u0027, os.name: \u0027Windows 7\u0027, os.arch: \u0027amd64\u0027, os.version: \u00276.1\u0027, java.version: \u00271.8.0_102\u0027\nDriver info: driver.version: CInternetExplorerDriver\nremote stacktrace: )","startTime":1532424829662,"endTime":0,"childRecords":[],"interuppted":false}],"interuppted":false},{"isOptional":false,"type":"TEST_CASE","name":"Test Cases/Test demo1/test case2","id":"Test Cases/Test demo1/test case2","source":"C:\\\\Users\\\\slk\\\\Katalon Studio\\\\Demo\\\\Test Cases\\\\Test demo1\\\\test case2.tc","message":"Test Cases/Test demo1/test case2 FAILED because (of) Unable to open browser with url: \u0027\u0027 (Root cause: org.openqa.selenium.SessionNotCreatedException: Unexpected error launching Internet Explorer. Browser zoom level was set to 119%. It should be set to 100%\nBuild info: version: \u00273.7.1\u0027, revision: \u00278a0099a\u0027, time: \u00272017-11-06T21:07:36.161Z\u0027\nSystem info: host: \u0027WSLK1FFTRFW-01\u0027, ip: \u0027192.168.56.1\u0027, os.name: \u0027Windows 7\u0027, os.arch: \u0027amd64\u0027, os.version: \u00276.1\u0027, java.version: \u00271.8.0_102\u0027\nDriver info: driver.version: CInternetExplorerDriver\nremote stacktrace: )","description":"","startTime":1532424829667,"endTime":1532424831802,"childRecords":[{"testStatus":{"stackTrace":"","statusValue":"INFO"},"type":"MESSAGE","name":"","message":"Evaluating variables for test case","startTime":1532424829673,"endTime":0,"childRecords":[],"interuppted":false},{"index":1,"isIgnoredIfFailed":false,"type":"TEST_STEP","name":"openBrowser","message":"Unable to open browser with url: \u0027\u0027 (Root cause: org.openqa.selenium.SessionNotCreatedException: Unexpected error launching Internet Explorer. Browser zoom level was set to 119%. It should be set to 100%\nBuild info: version: \u00273.7.1\u0027, revision: \u00278a0099a\u0027, time: \u00272017-11-06T21:07:36.161Z\u0027\nSystem info: host: \u0027WSLK1FFTRFW-01\u0027, ip: \u0027192.168.56.1\u0027, os.name: \u0027Windows 7\u0027, os.arch: \u0027amd64\u0027, os.version: \u00276.1\u0027, java.version: \u00271.8.0_102\u0027\nDriver info: driver.version: CInternetExplorerDriver\nremote stacktrace: )","description":"","startTime":1532424829815,"endTime":1532424831801,"childRecords":[{"testStatus":{"stackTrace":"","statusValue":"FAILED"},"type":"MESSAGE","name":"","message":"Unable to open browser with url: \u0027\u0027 (Root cause: org.openqa.selenium.SessionNotCreatedException: Unexpected error launching Internet Explorer. Browser zoom level was set to 119%. It should be set to 100%\nBuild info: version: \u00273.7.1\u0027, revision: \u00278a0099a\u0027, time: \u00272017-11-06T21:07:36.161Z\u0027\nSystem info: host: \u0027WSLK1FFTRFW-01\u0027, ip: \u0027192.168.56.1\u0027, os.name: \u0027Windows 7\u0027, os.arch: \u0027amd64\u0027, os.version: \u00276.1\u0027, java.version: \u00271.8.0_102\u0027\nDriver info: driver.version: CInternetExplorerDriver\nremote stacktrace: )","startTime":1532424831800,"endTime":0,"childRecords":[],"interuppted":false}],"interuppted":false},{"testStatus":{"stackTrace":"","statusValue":"FAILED"},"type":"MESSAGE","name":"","message":"Test Cases/Test demo1/test case2 FAILED because (of) Unable to open browser with url: \u0027\u0027 (Root cause: org.openqa.selenium.SessionNotCreatedException: Unexpected error launching Internet Explorer. Browser zoom level was set to 119%. It should be set to 100%\nBuild info: version: \u00273.7.1\u0027, revision: \u00278a0099a\u0027, time: \u00272017-11-06T21:07:36.161Z\u0027\nSystem info: host: \u0027WSLK1FFTRFW-01\u0027, ip: \u0027192.168.56.1\u0027, os.name: \u0027Windows 7\u0027, os.arch: \u0027amd64\u0027, os.version: \u00276.1\u0027, java.version: \u00271.8.0_102\u0027\nDriver info: driver.version: CInternetExplorerDriver\nremote stacktrace: )","startTime":1532424831801,"endTime":0,"childRecords":[],"interuppted":false}],"interuppted":false}],"interuppted":false}