{"devicePlatform":"","logFolder":"C:\\Users\\slk\\Katalon Studio\\Demo\\Reports\\Test data vali\\20180725_122912","runData":{"hostName":"slk - WSLK1FFTRFW-01.SLKSOFT.COM","os":"Windows 7 64bit","katalonVersion":"5.5.0.1","browser":"Chrome 67.0.3396.99","hostAddress":"192.168.56.1","sessionId":"fb7ac28e53932ccede4ef12b19c9dc6a","seleniumVersion":"3.7.1","proxyInformation":"ProxyInformation{proxyOption\u003dNO_PROXY, proxyServerType\u003dHTTP, password\u003d, proxyServerAddress\u003d, proxyServerPort\u003d0}","platform":"Windows 7"},"type":"TEST_SUITE","name":"Test data vali","id":"Test Suites/Test data vali","source":"","message":"Test Cases/DAY2/Test VAR data vali FAILED because (of) Variable \u0027url\u0027 is not defined for test case.","description":"","startTime":1532501954064,"endTime":1532501970956,"childRecords":[{"isOptional":false,"type":"TEST_CASE","name":"Test Cases/DAY2/Test VAR data vali","id":"Test Cases/DAY2/Test VAR data vali","source":"C:\\\\Users\\\\slk\\\\Katalon Studio\\\\Demo\\\\Test Cases\\\\DAY2\\\\Test VAR data vali.tc","message":"Test Cases/DAY2/Test VAR data vali FAILED because (of) Variable \u0027url\u0027 is not defined for test case.","description":"","startTime":1532501954322,"endTime":1532501957278,"childRecords":[{"testStatus":{"stackTrace":"","statusValue":"INFO"},"type":"MESSAGE","name":"","message":"Evaluating variables for test case","startTime":1532501954357,"endTime":0,"childRecords":[],"interuppted":false},{"testStatus":{"stackTrace":"","statusValue":"INFO"},"type":"MESSAGE","name":"","message":"Variable \u0027username\u0027 is set to Admin","startTime":1532501954357,"endTime":0,"childRecords":[],"interuppted":false},{"testStatus":{"stackTrace":"","statusValue":"INFO"},"type":"MESSAGE","name":"","message":"Variable \u0027password\u0027 is set to admin123","startTime":1532501954357,"endTime":0,"childRecords":[],"interuppted":false},{"index":1,"isIgnoredIfFailed":false,"type":"TEST_STEP","name":"openBrowser","message":"Browser is opened with url: \u0027\u0027","description":"","startTime":1532501954566,"endTime":1532501957273,"childRecords":[{"testStatus":{"stackTrace":"","statusValue":"PASSED"},"type":"MESSAGE","name":"","message":"Browser is opened with url: \u0027\u0027","startTime":1532501957273,"endTime":0,"childRecords":[],"interuppted":false}],"interuppted":false},{"index":2,"isIgnoredIfFailed":false,"type":"TEST_STEP","name":"navigateToUrl","description":"","startTime":1532501957273,"endTime":1532501957275,"childRecords":[],"interuppted":false},{"testStatus":{"stackTrace":"","statusValue":"ERROR"},"type":"MESSAGE","name":"","message":"Test Cases/DAY2/Test VAR data vali FAILED because (of) Variable \u0027url\u0027 is not defined for test case.","startTime":1532501957276,"endTime":0,"childRecords":[],"interuppted":false}],"interuppted":false},{"isOptional":false,"type":"TEST_CASE","name":"Test Cases/DAY2/Test VAR data vali","id":"Test Cases/DAY2/Test VAR data vali","source":"C:\\\\Users\\\\slk\\\\Katalon Studio\\\\Demo\\\\Test Cases\\\\DAY2\\\\Test VAR data vali.tc","message":"Test Cases/DAY2/Test VAR data vali FAILED because (of) Variable \u0027url\u0027 is not defined for test case.","description":"","startTime":1532501957281,"endTime":1532501959893,"childRecords":[{"testStatus":{"stackTrace":"","statusValue":"INFO"},"type":"MESSAGE","name":"","message":"Evaluating variables for test case","startTime":1532501957288,"endTime":0,"childRecords":[],"interuppted":false},{"testStatus":{"stackTrace":"","statusValue":"INFO"},"type":"MESSAGE","name":"","message":"Variable \u0027username\u0027 is set to ","startTime":1532501957288,"endTime":0,"childRecords":[],"interuppted":false},{"testStatus":{"stackTrace":"","statusValue":"INFO"},"type":"MESSAGE","name":"","message":"Variable \u0027password\u0027 is set to ","startTime":1532501957289,"endTime":0,"childRecords":[],"interuppted":false},{"index":1,"isIgnoredIfFailed":false,"type":"TEST_STEP","name":"openBrowser","message":"Browser is opened with url: \u0027\u0027","description":"","startTime":1532501957290,"endTime":1532501959893,"childRecords":[{"testStatus":{"stackTrace":"","statusValue":"WARNING"},"type":"MESSAGE","name":"","message":"A browser is already opened. Closing browser and opening a new one","startTime":1532501957300,"endTime":0,"childRecords":[],"interuppted":false},{"testStatus":{"stackTrace":"","statusValue":"PASSED"},"type":"MESSAGE","name":"","message":"Browser is opened with url: \u0027\u0027","startTime":1532501959893,"endTime":0,"childRecords":[],"interuppted":false}],"interuppted":false},{"index":2,"isIgnoredIfFailed":false,"type":"TEST_STEP","name":"navigateToUrl","description":"","startTime":1532501959893,"endTime":1532501959893,"childRecords":[],"interuppted":false},{"testStatus":{"stackTrace":"","statusValue":"ERROR"},"type":"MESSAGE","name":"","message":"Test Cases/DAY2/Test VAR data vali FAILED because (of) Variable \u0027url\u0027 is not defined for test case.","startTime":1532501959893,"endTime":0,"childRecords":[],"interuppted":false}],"interuppted":false},{"isOptional":false,"type":"TEST_CASE","name":"Test Cases/DAY2/Test VAR data vali","id":"Test Cases/DAY2/Test VAR data vali","source":"C:\\\\Users\\\\slk\\\\Katalon Studio\\\\Demo\\\\Test Cases\\\\DAY2\\\\Test VAR data vali.tc","message":"Test Cases/DAY2/Test VAR data vali FAILED because (of) Variable \u0027url\u0027 is not defined for test case.","description":"","startTime":1532501959893,"endTime":1532501962491,"childRecords":[{"testStatus":{"stackTrace":"","statusValue":"INFO"},"type":"MESSAGE","name":"","message":"Evaluating variables for test case","startTime":1532501959898,"endTime":0,"childRecords":[],"interuppted":false},{"testStatus":{"stackTrace":"","statusValue":"INFO"},"type":"MESSAGE","name":"","message":"Variable \u0027username\u0027 is set to ","startTime":1532501959898,"endTime":0,"childRecords":[],"interuppted":false},{"testStatus":{"stackTrace":"","statusValue":"INFO"},"type":"MESSAGE","name":"","message":"Variable \u0027password\u0027 is set to ","startTime":1532501959899,"endTime":0,"childRecords":[],"interuppted":false},{"index":1,"isIgnoredIfFailed":false,"type":"TEST_STEP","name":"openBrowser","message":"Browser is opened with url: \u0027\u0027","description":"","startTime":1532501959900,"endTime":1532501962490,"childRecords":[{"testStatus":{"stackTrace":"","statusValue":"WARNING"},"type":"MESSAGE","name":"","message":"A browser is already opened. Closing browser and opening a new one","startTime":1532501959900,"endTime":0,"childRecords":[],"interuppted":false},{"testStatus":{"stackTrace":"","statusValue":"PASSED"},"type":"MESSAGE","name":"","message":"Browser is opened with url: \u0027\u0027","startTime":1532501962489,"endTime":0,"childRecords":[],"interuppted":false}],"interuppted":false},{"index":2,"isIgnoredIfFailed":false,"type":"TEST_STEP","name":"navigateToUrl","description":"","startTime":1532501962490,"endTime":1532501962490,"childRecords":[],"interuppted":false},{"testStatus":{"stackTrace":"","statusValue":"ERROR"},"type":"MESSAGE","name":"","message":"Test Cases/DAY2/Test VAR data vali FAILED because (of) Variable \u0027url\u0027 is not defined for test case.","startTime":1532501962491,"endTime":0,"childRecords":[],"interuppted":false}],"interuppted":false},{"isOptional":false,"type":"TEST_CASE","name":"Test Cases/DAY2/Test VAR data vali","id":"Test Cases/DAY2/Test VAR data vali","source":"C:\\\\Users\\\\slk\\\\Katalon Studio\\\\Demo\\\\Test Cases\\\\DAY2\\\\Test VAR data vali.tc","message":"Test Cases/DAY2/Test VAR data vali FAILED because (of) Variable \u0027url\u0027 is not defined for test case.","description":"","startTime":1532501962494,"endTime":1532501965065,"childRecords":[{"testStatus":{"stackTrace":"","statusValue":"INFO"},"type":"MESSAGE","name":"","message":"Evaluating variables for test case","startTime":1532501962500,"endTime":0,"childRecords":[],"interuppted":false},{"testStatus":{"stackTrace":"","statusValue":"INFO"},"type":"MESSAGE","name":"","message":"Variable \u0027username\u0027 is set to ","startTime":1532501962500,"endTime":0,"childRecords":[],"interuppted":false},{"testStatus":{"stackTrace":"","statusValue":"INFO"},"type":"MESSAGE","name":"","message":"Variable \u0027password\u0027 is set to ","startTime":1532501962500,"endTime":0,"childRecords":[],"interuppted":false},{"index":1,"isIgnoredIfFailed":false,"type":"TEST_STEP","name":"openBrowser","message":"Browser is opened with url: \u0027\u0027","description":"","startTime":1532501962501,"endTime":1532501965063,"childRecords":[{"testStatus":{"stackTrace":"","statusValue":"WARNING"},"type":"MESSAGE","name":"","message":"A browser is already opened. Closing browser and opening a new one","startTime":1532501962502,"endTime":0,"childRecords":[],"interuppted":false},{"testStatus":{"stackTrace":"","statusValue":"PASSED"},"type":"MESSAGE","name":"","message":"Browser is opened with url: \u0027\u0027","startTime":1532501965063,"endTime":0,"childRecords":[],"interuppted":false}],"interuppted":false},{"index":2,"isIgnoredIfFailed":false,"type":"TEST_STEP","name":"navigateToUrl","description":"","startTime":1532501965063,"endTime":1532501965063,"childRecords":[],"interuppted":false},{"testStatus":{"stackTrace":"","statusValue":"ERROR"},"type":"MESSAGE","name":"","message":"Test Cases/DAY2/Test VAR data vali FAILED because (of) Variable \u0027url\u0027 is not defined for test case.","startTime":1532501965064,"endTime":0,"childRecords":[],"interuppted":false}],"interuppted":false},{"isOptional":false,"type":"TEST_CASE","name":"Test Cases/DAY2/Test VAR data vali","id":"Test Cases/DAY2/Test VAR data vali","source":"C:\\\\Users\\\\slk\\\\Katalon Studio\\\\Demo\\\\Test Cases\\\\DAY2\\\\Test VAR data vali.tc","message":"Test Cases/DAY2/Test VAR data vali FAILED because (of) Variable \u0027url\u0027 is not defined for test case.","description":"","startTime":1532501965068,"endTime":1532501967638,"childRecords":[{"testStatus":{"stackTrace":"","statusValue":"INFO"},"type":"MESSAGE","name":"","message":"Evaluating variables for test case","startTime":1532501965073,"endTime":0,"childRecords":[],"interuppted":false},{"testStatus":{"stackTrace":"","statusValue":"INFO"},"type":"MESSAGE","name":"","message":"Variable \u0027username\u0027 is set to ","startTime":1532501965074,"endTime":0,"childRecords":[],"interuppted":false},{"testStatus":{"stackTrace":"","statusValue":"INFO"},"type":"MESSAGE","name":"","message":"Variable \u0027password\u0027 is set to ","startTime":1532501965074,"endTime":0,"childRecords":[],"interuppted":false},{"index":1,"isIgnoredIfFailed":false,"type":"TEST_STEP","name":"openBrowser","message":"Browser is opened with url: \u0027\u0027","description":"","startTime":1532501965075,"endTime":1532501967638,"childRecords":[{"testStatus":{"stackTrace":"","statusValue":"WARNING"},"type":"MESSAGE","name":"","message":"A browser is already opened. Closing browser and opening a new one","startTime":1532501965075,"endTime":0,"childRecords":[],"interuppted":false},{"testStatus":{"stackTrace":"","statusValue":"PASSED"},"type":"MESSAGE","name":"","message":"Browser is opened with url: \u0027\u0027","startTime":1532501967638,"endTime":0,"childRecords":[],"interuppted":false}],"interuppted":false},{"index":2,"isIgnoredIfFailed":false,"type":"TEST_STEP","name":"navigateToUrl","description":"","startTime":1532501967638,"endTime":1532501967638,"childRecords":[],"interuppted":false},{"testStatus":{"stackTrace":"","statusValue":"ERROR"},"type":"MESSAGE","name":"","message":"Test Cases/DAY2/Test VAR data vali FAILED because (of) Variable \u0027url\u0027 is not defined for test case.","startTime":1532501967638,"endTime":0,"childRecords":[],"interuppted":false}],"interuppted":false},{"isOptional":false,"type":"TEST_CASE","name":"Test Cases/DAY2/Test VAR data vali","id":"Test Cases/DAY2/Test VAR data vali","source":"C:\\\\Users\\\\slk\\\\Katalon Studio\\\\Demo\\\\Test Cases\\\\DAY2\\\\Test VAR data vali.tc","message":"Test Cases/DAY2/Test VAR data vali FAILED because (of) Variable \u0027url\u0027 is not defined for test case.","description":"","startTime":1532501967638,"endTime":1532501970276,"childRecords":[{"testStatus":{"stackTrace":"","statusValue":"INFO"},"type":"MESSAGE","name":"","message":"Evaluating variables for test case","startTime":1532501967642,"endTime":0,"childRecords":[],"interuppted":false},{"testStatus":{"stackTrace":"","statusValue":"INFO"},"type":"MESSAGE","name":"","message":"Variable \u0027username\u0027 is set to ","startTime":1532501967643,"endTime":0,"childRecords":[],"interuppted":false},{"testStatus":{"stackTrace":"","statusValue":"INFO"},"type":"MESSAGE","name":"","message":"Variable \u0027password\u0027 is set to ","startTime":1532501967643,"endTime":0,"childRecords":[],"interuppted":false},{"index":1,"isIgnoredIfFailed":false,"type":"TEST_STEP","name":"openBrowser","message":"Browser is opened with url: \u0027\u0027","description":"","startTime":1532501967644,"endTime":1532501970275,"childRecords":[{"testStatus":{"stackTrace":"","statusValue":"WARNING"},"type":"MESSAGE","name":"","message":"A browser is already opened. Closing browser and opening a new one","startTime":1532501967645,"endTime":0,"childRecords":[],"interuppted":false},{"testStatus":{"stackTrace":"","statusValue":"PASSED"},"type":"MESSAGE","name":"","message":"Browser is opened with url: \u0027\u0027","startTime":1532501970274,"endTime":0,"childRecords":[],"interuppted":false}],"interuppted":false},{"index":2,"isIgnoredIfFailed":false,"type":"TEST_STEP","name":"navigateToUrl","description":"","startTime":1532501970275,"endTime":1532501970275,"childRecords":[],"interuppted":false},{"testStatus":{"stackTrace":"","statusValue":"ERROR"},"type":"MESSAGE","name":"","message":"Test Cases/DAY2/Test VAR data vali FAILED because (of) Variable \u0027url\u0027 is not defined for test case.","startTime":1532501970275,"endTime":0,"childRecords":[],"interuppted":false}],"interuppted":false}],"interuppted":false}